====================================================
Running full 5-seed pipeline
Experiment: nonlinear
Seeds: 1,2,3,4,5
Load path: @:@stdlib
====================================================
[1/3] Train policies + run sPCE evaluation
====================================================
Experiment: nonlinear
Training seeds: 1,2,3,4,5
Load path: @:@stdlib
====================================================
[train:nonlinear] TRAIN_SEED=1
iter: 0, return: 0.8011, entropy: 1.4189
iter: 1, return: 0.7982, entropy: 1.4152
iter: 2, return: 0.8187, entropy: 1.4121
iter: 3, return: 0.8134, entropy: 1.4089
iter: 4, return: 0.8853, entropy: 1.4053
iter: 5, return: 0.8233, entropy: 1.4015
iter: 6, return: 0.8404, entropy: 1.3976
iter: 7, return: 0.8858, entropy: 1.3939
iter: 8, return: 0.8812, entropy: 1.3901
iter: 9, return: 1.0043, entropy: 1.3858
iter: 10, return: 1.1488, entropy: 1.3816
iter: 11, return: 1.3787, entropy: 1.3780
iter: 12, return: 1.6150, entropy: 1.3748
iter: 13, return: 1.7635, entropy: 1.3719
iter: 14, return: 1.8977, entropy: 1.3695
iter: 15, return: 2.3050, entropy: 1.3675
iter: 16, return: 2.6239, entropy: 1.3658
iter: 17, return: 2.8606, entropy: 1.3642
iter: 18, return: 3.0411, entropy: 1.3623
iter: 19, return: 3.2711, entropy: 1.3603
iter: 20, return: 3.3104, entropy: 1.3578
iter: 21, return: 3.3219, entropy: 1.3550
iter: 22, return: 3.5024, entropy: 1.3529
iter: 23, return: 3.5497, entropy: 1.3514
iter: 24, return: 3.4372, entropy: 1.3501
iter: 25, return: 3.4376, entropy: 1.3480

=== IBIS training profiling (evaluation loops excluded) ===
reweight calls: 344300
move triggers total: 59688
move kernel calls: 179064
trajectory reweight calls: 345600
likelihood evals (IBIS reweight): 44070400
likelihood evals (IBIS move): 490184064
likelihood evals (trajectory reweight SMC/CSMC): 44236800
likelihood evals (IBIS total): 534254464
likelihood evals (total training): 578491264
likelihood evals (reference SMC): 18377984
likelihood evals (markovian init CSMC): 17968000
likelihood evals (markovian loop CSMC): 542145280
likelihood evals (CSMC training calls total): 560113280
sanity checks: mechanism_partition=true, ibis_partition=true, phase_partition=true, csmc_partition=true
phase totals:
  markovian_init_csmc => total=17968000, ibis_reweight=1632000, ibis_move=14697600, trajectory_reweight=1638400
  markovian_loop_csmc => total=542145280, ibis_reweight=40800000, ibis_move=460385280, trajectory_reweight=40960000
  reference_smc => total=18377984, ibis_reweight=1638400, ibis_move=15101184, trajectory_reweight=1638400
move-trigger counts by time index t:
  t=1 => 3196
  t=2 => 2668
  t=3 => 2213
  t=4 => 1843
  t=5 => 1653
  t=6 => 1576
  t=7 => 1463
  t=8 => 1382
  t=9 => 1302
  t=10 => 1287
  t=11 => 1260
  t=12 => 1276
  t=13 => 1219
  t=14 => 1299
  t=15 => 1277
  t=16 => 1296
  t=17 => 1297
  t=18 => 1246
  t=19 => 1201
  t=20 => 1213
  t=21 => 1094
  t=22 => 1021
  t=23 => 947
  t=24 => 1022
  t=25 => 944
  t=26 => 915
  t=27 => 954
  t=28 => 1021
  t=29 => 1033
  t=30 => 1094
  t=31 => 1004
  t=32 => 1113
  t=33 => 1106
  t=34 => 1034
  t=35 => 1067
  t=36 => 1026
  t=37 => 920
  t=38 => 937
  t=39 => 853
  t=40 => 861
  t=41 => 844
  t=42 => 838
  t=43 => 842
  t=44 => 852
  t=45 => 847
  t=46 => 873
  t=47 => 866
  t=48 => 893
  t=49 => 899
  t=50 => 801
Saved trained policy to ./experiments/pendulum/nonlinear/data/nonlinear_pendulum_ibis_csmc_ctl_seed1.jld2
[train:nonlinear] TRAIN_SEED=2
iter: 0, return: 0.7768, entropy: 1.4189
iter: 1, return: 0.8325, entropy: 1.4150
iter: 2, return: 0.7611, entropy: 1.4113
iter: 3, return: 0.8948, entropy: 1.4078
iter: 4, return: 0.8469, entropy: 1.4040
iter: 5, return: 1.0117, entropy: 1.3999
iter: 6, return: 1.1509, entropy: 1.3957
iter: 7, return: 1.4157, entropy: 1.3914
iter: 8, return: 1.5839, entropy: 1.3874
iter: 9, return: 1.6666, entropy: 1.3834
iter: 10, return: 1.9314, entropy: 1.3791
iter: 11, return: 2.0642, entropy: 1.3752
iter: 12, return: 2.2481, entropy: 1.3718
iter: 13, return: 2.4351, entropy: 1.3687
iter: 14, return: 2.6505, entropy: 1.3662
iter: 15, return: 2.7658, entropy: 1.3634
iter: 16, return: 2.6713, entropy: 1.3603
iter: 17, return: 2.8985, entropy: 1.3574
iter: 18, return: 2.9064, entropy: 1.3541
iter: 19, return: 2.9103, entropy: 1.3511
iter: 20, return: 2.9537, entropy: 1.3481
iter: 21, return: 3.0664, entropy: 1.3441
iter: 22, return: 3.0080, entropy: 1.3399
iter: 23, return: 3.0855, entropy: 1.3354
iter: 24, return: 3.1283, entropy: 1.3310
iter: 25, return: 3.2108, entropy: 1.3267

=== IBIS training profiling (evaluation loops excluded) ===
reweight calls: 344300
move triggers total: 58795
move kernel calls: 176385
trajectory reweight calls: 345600
likelihood evals (IBIS reweight): 44070400
likelihood evals (IBIS move): 479653632
likelihood evals (trajectory reweight SMC/CSMC): 44236800
likelihood evals (IBIS total): 523724032
likelihood evals (total training): 567960832
likelihood evals (reference SMC): 18888320
likelihood evals (markovian init CSMC): 18117760
likelihood evals (markovian loop CSMC): 530954752
likelihood evals (CSMC training calls total): 549072512
sanity checks: mechanism_partition=true, ibis_partition=true, phase_partition=true, csmc_partition=true
phase totals:
  markovian_init_csmc => total=18117760, ibis_reweight=1632000, ibis_move=14847360, trajectory_reweight=1638400
  markovian_loop_csmc => total=530954752, ibis_reweight=40800000, ibis_move=449194752, trajectory_reweight=40960000
  reference_smc => total=18888320, ibis_reweight=1638400, ibis_move=15611520, trajectory_reweight=1638400
move-trigger counts by time index t:
  t=1 => 3341
  t=2 => 2733
  t=3 => 2065
  t=4 => 1842
  t=5 => 1630
  t=6 => 1519
  t=7 => 1375
  t=8 => 1339
  t=9 => 1318
  t=10 => 1296
  t=11 => 1279
  t=12 => 1292
  t=13 => 1369
  t=14 => 1330
  t=15 => 1297
  t=16 => 1382
  t=17 => 1241
  t=18 => 1275
  t=19 => 1196
  t=20 => 1157
  t=21 => 1079
  t=22 => 1095
  t=23 => 1013
  t=24 => 945
  t=25 => 888
  t=26 => 908
  t=27 => 913
  t=28 => 945
  t=29 => 940
  t=30 => 903
  t=31 => 1006
  t=32 => 964
  t=33 => 993
  t=34 => 969
  t=35 => 859
  t=36 => 910
  t=37 => 847
  t=38 => 833
  t=39 => 810
  t=40 => 778
  t=41 => 796
  t=42 => 859
  t=43 => 874
  t=44 => 901
  t=45 => 927
  t=46 => 935
  t=47 => 940
  t=48 => 922
  t=49 => 888
  t=50 => 879
Saved trained policy to ./experiments/pendulum/nonlinear/data/nonlinear_pendulum_ibis_csmc_ctl_seed2.jld2
[train:nonlinear] TRAIN_SEED=3
iter: 0, return: 0.8136, entropy: 1.4189
iter: 1, return: 0.8335, entropy: 1.4151
iter: 2, return: 0.8487, entropy: 1.4112
iter: 3, return: 0.8035, entropy: 1.4075
iter: 4, return: 0.8635, entropy: 1.4039
iter: 5, return: 0.9021, entropy: 1.4002
iter: 6, return: 1.0771, entropy: 1.3972
iter: 7, return: 1.1720, entropy: 1.3954
iter: 8, return: 1.0536, entropy: 1.3935
iter: 9, return: 1.1459, entropy: 1.3907
iter: 10, return: 1.5946, entropy: 1.3881
iter: 11, return: 1.8012, entropy: 1.3850
iter: 12, return: 1.9475, entropy: 1.3819
iter: 13, return: 2.3431, entropy: 1.3794
iter: 14, return: 2.4831, entropy: 1.3775
iter: 15, return: 2.8235, entropy: 1.3749
iter: 16, return: 3.0266, entropy: 1.3723
iter: 17, return: 2.9934, entropy: 1.3699
iter: 18, return: 3.2708, entropy: 1.3674
iter: 19, return: 3.4160, entropy: 1.3644
iter: 20, return: 3.4801, entropy: 1.3613
iter: 21, return: 3.4729, entropy: 1.3591
iter: 22, return: 3.4808, entropy: 1.3570
iter: 23, return: 3.4957, entropy: 1.3554
iter: 24, return: 3.5839, entropy: 1.3535
iter: 25, return: 3.6258, entropy: 1.3510

=== IBIS training profiling (evaluation loops excluded) ===
reweight calls: 344300
move triggers total: 60658
move kernel calls: 181974
trajectory reweight calls: 345600
likelihood evals (IBIS reweight): 44070400
likelihood evals (IBIS move): 507263616
likelihood evals (trajectory reweight SMC/CSMC): 44236800
likelihood evals (IBIS total): 551334016
likelihood evals (total training): 595570816
likelihood evals (reference SMC): 18161024
likelihood evals (markovian init CSMC): 18285184
likelihood evals (markovian loop CSMC): 559124608
likelihood evals (CSMC training calls total): 577409792
sanity checks: mechanism_partition=true, ibis_partition=true, phase_partition=true, csmc_partition=true
phase totals:
  markovian_init_csmc => total=18285184, ibis_reweight=1632000, ibis_move=15014784, trajectory_reweight=1638400
  markovian_loop_csmc => total=559124608, ibis_reweight=40800000, ibis_move=477364608, trajectory_reweight=40960000
  reference_smc => total=18161024, ibis_reweight=1638400, ibis_move=14884224, trajectory_reweight=1638400
move-trigger counts by time index t:
  t=1 => 3069
  t=2 => 2494
  t=3 => 2111
  t=4 => 1862
  t=5 => 1627
  t=6 => 1526
  t=7 => 1382
  t=8 => 1370
  t=9 => 1334
  t=10 => 1217
  t=11 => 1302
  t=12 => 1284
  t=13 => 1266
  t=14 => 1322
  t=15 => 1305
  t=16 => 1349
  t=17 => 1288
  t=18 => 1287
  t=19 => 1156
  t=20 => 1138
  t=21 => 1075
  t=22 => 1091
  t=23 => 1052
  t=24 => 1061
  t=25 => 1086
  t=26 => 1034
  t=27 => 1077
  t=28 => 1137
  t=29 => 1132
  t=30 => 1125
  t=31 => 1210
  t=32 => 1135
  t=33 => 1111
  t=34 => 1123
  t=35 => 1092
  t=36 => 956
  t=37 => 937
  t=38 => 909
  t=39 => 896
  t=40 => 839
  t=41 => 869
  t=42 => 893
  t=43 => 861
  t=44 => 904
  t=45 => 915
  t=46 => 905
  t=47 => 833
  t=48 => 960
  t=49 => 891
  t=50 => 860
Saved trained policy to ./experiments/pendulum/nonlinear/data/nonlinear_pendulum_ibis_csmc_ctl_seed3.jld2
[train:nonlinear] TRAIN_SEED=4
iter: 0, return: 0.8269, entropy: 1.4189
iter: 1, return: 0.8329, entropy: 1.4152
iter: 2, return: 0.9018, entropy: 1.4113
iter: 3, return: 0.9433, entropy: 1.4077
iter: 4, return: 0.9850, entropy: 1.4045
iter: 5, return: 1.0097, entropy: 1.4019
iter: 6, return: 0.9639, entropy: 1.3991
iter: 7, return: 1.0649, entropy: 1.3963
iter: 8, return: 1.1471, entropy: 1.3930
iter: 9, return: 1.3993, entropy: 1.3894
iter: 10, return: 2.0925, entropy: 1.3860
iter: 11, return: 2.1913, entropy: 1.3822
iter: 12, return: 2.2424, entropy: 1.3782
iter: 13, return: 2.5610, entropy: 1.3745
iter: 14, return: 2.7811, entropy: 1.3711
iter: 15, return: 2.9166, entropy: 1.3672
iter: 16, return: 3.0234, entropy: 1.3633
iter: 17, return: 3.1459, entropy: 1.3590
iter: 18, return: 3.2401, entropy: 1.3547
iter: 19, return: 3.2531, entropy: 1.3507
iter: 20, return: 3.2625, entropy: 1.3471
iter: 21, return: 3.3530, entropy: 1.3454
iter: 22, return: 3.4611, entropy: 1.3451
iter: 23, return: 3.5116, entropy: 1.3445
iter: 24, return: 3.4100, entropy: 1.3437
iter: 25, return: 3.5820, entropy: 1.3425

=== IBIS training profiling (evaluation loops excluded) ===
reweight calls: 344300
move triggers total: 62117
move kernel calls: 186351
trajectory reweight calls: 345600
likelihood evals (IBIS reweight): 44070400
likelihood evals (IBIS move): 519079680
likelihood evals (trajectory reweight SMC/CSMC): 44236800
likelihood evals (IBIS total): 563150080
likelihood evals (total training): 607386880
likelihood evals (reference SMC): 18224768
likelihood evals (markovian init CSMC): 18240640
likelihood evals (markovian loop CSMC): 570921472
likelihood evals (CSMC training calls total): 589162112
sanity checks: mechanism_partition=true, ibis_partition=true, phase_partition=true, csmc_partition=true
phase totals:
  markovian_init_csmc => total=18240640, ibis_reweight=1632000, ibis_move=14970240, trajectory_reweight=1638400
  markovian_loop_csmc => total=570921472, ibis_reweight=40800000, ibis_move=489161472, trajectory_reweight=40960000
  reference_smc => total=18224768, ibis_reweight=1638400, ibis_move=14947968, trajectory_reweight=1638400
move-trigger counts by time index t:
  t=1 => 2983
  t=2 => 2568
  t=3 => 2147
  t=4 => 1886
  t=5 => 1642
  t=6 => 1493
  t=7 => 1444
  t=8 => 1316
  t=9 => 1346
  t=10 => 1408
  t=11 => 1398
  t=12 => 1262
  t=13 => 1305
  t=14 => 1454
  t=15 => 1379
  t=16 => 1411
  t=17 => 1305
  t=18 => 1296
  t=19 => 1271
  t=20 => 1186
  t=21 => 1095
  t=22 => 1092
  t=23 => 1096
  t=24 => 1071
  t=25 => 1066
  t=26 => 1133
  t=27 => 1142
  t=28 => 1215
  t=29 => 1198
  t=30 => 1238
  t=31 => 1189
  t=32 => 1156
  t=33 => 1160
  t=34 => 1108
  t=35 => 1058
  t=36 => 1008
  t=37 => 970
  t=38 => 919
  t=39 => 891
  t=40 => 851
  t=41 => 908
  t=42 => 888
  t=43 => 889
  t=44 => 869
  t=45 => 925
  t=46 => 881
  t=47 => 939
  t=48 => 894
  t=49 => 898
  t=50 => 870
Saved trained policy to ./experiments/pendulum/nonlinear/data/nonlinear_pendulum_ibis_csmc_ctl_seed4.jld2
[train:nonlinear] TRAIN_SEED=5
iter: 0, return: 0.7782, entropy: 1.4189
iter: 1, return: 0.7774, entropy: 1.4150
iter: 2, return: 0.7780, entropy: 1.4114
iter: 3, return: 0.8554, entropy: 1.4078
iter: 4, return: 0.8493, entropy: 1.4045
iter: 5, return: 0.9140, entropy: 1.4017
iter: 6, return: 1.0276, entropy: 1.3990
iter: 7, return: 1.1909, entropy: 1.3959
iter: 8, return: 1.4949, entropy: 1.3935
iter: 9, return: 1.6074, entropy: 1.3907
iter: 10, return: 1.9545, entropy: 1.3871
iter: 11, return: 2.1011, entropy: 1.3839
iter: 12, return: 2.5846, entropy: 1.3810
iter: 13, return: 2.8726, entropy: 1.3777
iter: 14, return: 3.0525, entropy: 1.3748
iter: 15, return: 3.2417, entropy: 1.3720
iter: 16, return: 3.2239, entropy: 1.3694
iter: 17, return: 3.2636, entropy: 1.3670
iter: 18, return: 3.3755, entropy: 1.3646
iter: 19, return: 3.3501, entropy: 1.3623
iter: 20, return: 3.4798, entropy: 1.3596
iter: 21, return: 3.5420, entropy: 1.3556
iter: 22, return: 3.5751, entropy: 1.3509
iter: 23, return: 3.5543, entropy: 1.3467
iter: 24, return: 3.5424, entropy: 1.3426
iter: 25, return: 3.5144, entropy: 1.3384

=== IBIS training profiling (evaluation loops excluded) ===
reweight calls: 344300
move triggers total: 61495
move kernel calls: 184485
trajectory reweight calls: 345600
likelihood evals (IBIS reweight): 44070400
likelihood evals (IBIS move): 505565568
likelihood evals (trajectory reweight SMC/CSMC): 44236800
likelihood evals (IBIS total): 549635968
likelihood evals (total training): 593872768
likelihood evals (reference SMC): 17895680
likelihood evals (markovian init CSMC): 18332800
likelihood evals (markovian loop CSMC): 557644288
likelihood evals (CSMC training calls total): 575977088
sanity checks: mechanism_partition=true, ibis_partition=true, phase_partition=true, csmc_partition=true
phase totals:
  markovian_init_csmc => total=18332800, ibis_reweight=1632000, ibis_move=15062400, trajectory_reweight=1638400
  markovian_loop_csmc => total=557644288, ibis_reweight=40800000, ibis_move=475884288, trajectory_reweight=40960000
  reference_smc => total=17895680, ibis_reweight=1638400, ibis_move=14618880, trajectory_reweight=1638400
move-trigger counts by time index t:
  t=1 => 3503
  t=2 => 2659
  t=3 => 2154
  t=4 => 1842
  t=5 => 1605
  t=6 => 1485
  t=7 => 1388
  t=8 => 1325
  t=9 => 1291
  t=10 => 1316
  t=11 => 1353
  t=12 => 1339
  t=13 => 1388
  t=14 => 1448
  t=15 => 1464
  t=16 => 1425
  t=17 => 1427
  t=18 => 1269
  t=19 => 1279
  t=20 => 1150
  t=21 => 1049
  t=22 => 1069
  t=23 => 1002
  t=24 => 981
  t=25 => 973
  t=26 => 987
  t=27 => 1032
  t=28 => 1105
  t=29 => 1180
  t=30 => 1169
  t=31 => 1191
  t=32 => 1171
  t=33 => 1162
  t=34 => 1071
  t=35 => 1067
  t=36 => 988
  t=37 => 896
  t=38 => 889
  t=39 => 823
  t=40 => 784
  t=41 => 824
  t=42 => 827
  t=43 => 871
  t=44 => 866
  t=45 => 892
  t=46 => 919
  t=47 => 924
  t=48 => 949
  t=49 => 877
  t=50 => 847
Saved trained policy to ./experiments/pendulum/nonlinear/data/nonlinear_pendulum_ibis_csmc_ctl_seed5.jld2
[eval:nonlinear] Running sPCE over training seeds
train_seed: 1, sPCE: 3.6189 ± 0.2099
train_seed: 2, sPCE: 3.1789 ± 0.1963
train_seed: 3, sPCE: 3.6286 ± 0.1578
train_seed: 4, sPCE: 3.5736 ± 0.1949
train_seed: 5, sPCE: 3.6779 ± 0.1678
Across training seeds sPCE: 3.5356 ± 0.2028
Saved per-seed sPCE summary to ./experiments/pendulum/nonlinear/data/nonlinear_pendulum_spce_over_training_seeds.csv
Pipeline complete.
[2/3] Run NMC evaluation
====================================================
Experiment: nonlinear
Evaluation seeds: 1,2,3,4,5
Load path: @:@stdlib
====================================================
[eval:nonlinear] Running NMC over training seeds
train_seed: 1, NMC: 3.6203 ± 0.2105
train_seed: 2, NMC: 3.1808 ± 0.1973
train_seed: 3, NMC: 3.6308 ± 0.1585
train_seed: 4, NMC: 3.5754 ± 0.1953
train_seed: 5, NMC: 3.6815 ± 0.1693
Across training seeds NMC: 3.5378 ± 0.2031
Saved per-seed NMC summary to ./experiments/pendulum/nonlinear/data/nonlinear_pendulum_nmc_over_training_seeds.csv
NMC evaluation complete.
[3/3] Export trajectories
====================================================
Experiment: nonlinear
Trajectory seeds: 1,2,3,4,5
Load path: @:@stdlib
====================================================
[trajectory:nonlinear] TRAIN_SEED=1
[trajectory:nonlinear] TRAIN_SEED=2
[trajectory:nonlinear] TRAIN_SEED=3
[trajectory:nonlinear] TRAIN_SEED=4
[trajectory:nonlinear] TRAIN_SEED=5
5-seed trajectory CSV generation complete.
Full pipeline complete.
SBATCH script done!
